<?xml version="1.0" encoding="UTF-8"?>
<!-- Generated by org.testng.reporters.JUnitReportReporter -->
<testsuite skipped="0" hostname="Tashi" name="am.itu.zalando.logo.displays.main.page.test.ZalandoLogoDisplaysMainPage" tests="1" failures="0" timestamp="2021-01-22T19:02:01 CET" time="2.858" errors="0">
  <testcase name="navigateToAccessories" time="2.858" classname="am.itu.zalando.logo.displays.main.page.test.ZalandoLogoDisplaysMainPage"/>
  <system-out/>
</testsuite> <!-- am.itu.zalando.logo.displays.main.page.test.ZalandoLogoDisplaysMainPage -->
