<?xml version="1.0" encoding="UTF-8"?>
<!-- Generated by org.testng.reporters.JUnitReportReporter -->
<testsuite skipped="0" hostname="Tashi" name="am.itu.zalando.facebook.page.test.ZalandoFacebookPageTest" tests="1" failures="0" timestamp="2021-01-22T11:53:52 CET" time="0.419" errors="0">
  <testcase name="clickOnFacebookBtn" time="0.419" classname="am.itu.zalando.facebook.page.test.ZalandoFacebookPageTest"/>
  <system-out/>
</testsuite> <!-- am.itu.zalando.facebook.page.test.ZalandoFacebookPageTest -->
