<?xml version="1.0" encoding="UTF-8"?>
<!-- Generated by org.testng.reporters.JUnitReportReporter -->
<testsuite skipped="0" hostname="Tashi" name="am.itu.zalando.nonsence.search.test.ZalandoNonsenceSearchTest" tests="1" failures="0" timestamp="2021-01-22T19:04:52 CET" time="2.271" errors="0">
  <testcase name="searchNonsenceInput" time="2.271" classname="am.itu.zalando.nonsence.search.test.ZalandoNonsenceSearchTest"/>
  <system-out/>
</testsuite> <!-- am.itu.zalando.nonsence.search.test.ZalandoNonsenceSearchTest -->
