<?xml version="1.0" encoding="UTF-8"?>
<!-- Generated by org.testng.reporters.JUnitReportReporter -->
<testsuite skipped="0" hostname="Tashi" name="am.itu.zalando.wishlist.icon.test.ZalandoWishListIconTest" tests="1" failures="0" timestamp="2021-01-22T22:30:29 CET" time="0.841" errors="0">
  <testcase name="openWishLIst" time="0.841" classname="am.itu.zalando.wishlist.icon.test.ZalandoWishListIconTest"/>
  <system-out/>
</testsuite> <!-- am.itu.zalando.wishlist.icon.test.ZalandoWishListIconTest -->
