<?xml version="1.0" encoding="UTF-8"?>
<!-- Generated by org.testng.reporters.JUnitReportReporter -->
<testsuite skipped="0" hostname="Tashi" name="am.itu.zalando.go.to.top.ZalandoGoToTopTest" tests="1" failures="0" timestamp="2021-01-16T20:21:53 CET" time="0.266" errors="0">
  <testcase name="navigateToFooter" time="0.266" classname="am.itu.zalando.go.to.top.ZalandoGoToTopTest"/>
  <system-out/>
</testsuite> <!-- am.itu.zalando.go.to.top.ZalandoGoToTopTest -->
