<?xml version="1.0" encoding="UTF-8"?>
<!-- Generated by org.testng.reporters.JUnitReportReporter -->
<testsuite skipped="0" hostname="Tashi" name="am.itu.zalando.yourbag.button.test.ZalandoYourBagButtonTest" tests="1" failures="0" timestamp="2021-01-22T22:34:19 CET" time="1.364" errors="0">
  <testcase name="clickOnYourBagButton" time="1.364" classname="am.itu.zalando.yourbag.button.test.ZalandoYourBagButtonTest"/>
  <system-out/>
</testsuite> <!-- am.itu.zalando.yourbag.button.test.ZalandoYourBagButtonTest -->
