<?xml version="1.0" encoding="UTF-8"?>
<!-- Generated by org.testng.reporters.JUnitReportReporter -->
<testsuite skipped="0" hostname="Tashi" name="am.itu.zalando.language.change.test.ZalandoLanguageChangeTest" tests="1" failures="0" timestamp="2021-01-22T18:47:15 CET" time="2.919" errors="0">
  <testcase name="clickOnChangeLanguage" time="2.919" classname="am.itu.zalando.language.change.test.ZalandoLanguageChangeTest"/>
  <system-out/>
</testsuite> <!-- am.itu.zalando.language.change.test.ZalandoLanguageChangeTest -->
