<?xml version="1.0" encoding="UTF-8"?>
<!-- Generated by org.testng.reporters.JUnitReportReporter -->
<testsuite skipped="0" hostname="Tashi" name="am.itu.zalando.searches.test.ZalandoSearchTest" tests="1" failures="0" timestamp="2021-01-22T22:24:04 CET" time="2.941" errors="0">
  <testcase name="checkTest" time="2.941" classname="am.itu.zalando.searches.test.ZalandoSearchTest"/>
  <system-out/>
</testsuite> <!-- am.itu.zalando.searches.test.ZalandoSearchTest -->
