<?xml version="1.0" encoding="UTF-8"?>
<!-- Generated by org.testng.reporters.JUnitReportReporter -->
<testsuite skipped="0" hostname="Tashi" name="am.itu.zalando.registration.test.ZalandoRegistrationTest" tests="1" failures="0" timestamp="2021-01-22T19:20:00 CET" time="2.498" errors="0">
  <testcase name="navigateToRegistrationPage" time="2.498" classname="am.itu.zalando.registration.test.ZalandoRegistrationTest"/>
  <system-out/>
</testsuite> <!-- am.itu.zalando.registration.test.ZalandoRegistrationTest -->
