<?xml version="1.0" encoding="UTF-8"?>
<!-- Generated by org.testng.reporters.JUnitReportReporter -->
<testsuite skipped="0" hostname="Tashi" name="am.itu.zalando.mastercard.test.ZalandoMasterCardIconTest" tests="1" failures="0" timestamp="2021-01-22T19:03:32 CET" time="1.678" errors="0">
  <testcase name="navigateToMasterCardPage" time="1.678" classname="am.itu.zalando.mastercard.test.ZalandoMasterCardIconTest"/>
  <system-out/>
</testsuite> <!-- am.itu.zalando.mastercard.test.ZalandoMasterCardIconTest -->
