<?xml version="1.0" encoding="UTF-8"?>
<!-- Generated by org.testng.reporters.JUnitReportReporter -->
<testsuite skipped="0" hostname="Tashi" name="am.itu.zalando.sizechart.page.test.ZalandoSizeChartPageTest" tests="1" failures="0" timestamp="2021-01-22T22:27:28 CET" time="1.819" errors="0">
  <testcase name="navigateToSIzeChartPage" time="1.819" classname="am.itu.zalando.sizechart.page.test.ZalandoSizeChartPageTest"/>
  <system-out/>
</testsuite> <!-- am.itu.zalando.sizechart.page.test.ZalandoSizeChartPageTest -->
