<?xml version="1.0" encoding="UTF-8"?>
<!-- Generated by org.testng.reporters.JUnitReportReporter -->
<testsuite skipped="0" hostname="Tashi" name="am.itu.zalando.wrong.login.test.ZalandoWrongLoginTest" tests="1" failures="0" timestamp="2021-01-22T22:32:04 CET" time="2.206" errors="0">
  <testcase name="clickOnYourBagButton" time="2.206" classname="am.itu.zalando.wrong.login.test.ZalandoWrongLoginTest"/>
  <system-out/>
</testsuite> <!-- am.itu.zalando.wrong.login.test.ZalandoWrongLoginTest -->
