<?xml version="1.0" encoding="UTF-8"?>
<!-- Generated by org.testng.reporters.JUnitReportReporter -->
<testsuite skipped="0" hostname="Tashi" name="am.itu.qa.zalandoplus.logo.test.ZalandoPlusLogoTest" tests="1" failures="0" timestamp="2021-01-17T19:18:45 CET" time="1.590" errors="0">
  <testcase name="clickOnZalandoPlusLogo" time="1.590" classname="am.itu.qa.zalandoplus.logo.test.ZalandoPlusLogoTest"/>
  <system-out/>
</testsuite> <!-- am.itu.qa.zalandoplus.logo.test.ZalandoPlusLogoTest -->
