<?xml version="1.0" encoding="UTF-8"?>
<!-- Generated by org.testng.reporters.JUnitReportReporter -->
<testsuite skipped="0" hostname="Tashi" name="am.itu.zalando.login.button.ZalandoLoginButtonClickTest" tests="1" failures="0" timestamp="2021-01-17T01:06:10 CET" time="0.859" errors="0">
  <testcase name="clickOnLoginBtn" time="0.859" classname="am.itu.zalando.login.button.ZalandoLoginButtonClickTest"/>
  <system-out/>
</testsuite> <!-- am.itu.zalando.login.button.ZalandoLoginButtonClickTest -->
