<?xml version="1.0" encoding="UTF-8"?>
<!-- Generated by org.testng.reporters.JUnitReportReporter -->
<testsuite skipped="0" hostname="Tashi" name="am.itu.zalando.tweeter.page.test.ZalandoTweeterPageTest" tests="1" failures="0" timestamp="2021-01-22T22:29:01 CET" time="3.733" errors="0">
  <testcase name="navigateToTweeterPage" time="3.733" classname="am.itu.zalando.tweeter.page.test.ZalandoTweeterPageTest"/>
  <system-out/>
</testsuite> <!-- am.itu.zalando.tweeter.page.test.ZalandoTweeterPageTest -->
