<?xml version="1.0" encoding="UTF-8"?>
<!-- Generated by org.testng.reporters.JUnitReportReporter -->
<testsuite skipped="0" hostname="Tashi" name="am.itu.zalando.login.button.test.ZalandoLoginButtonClickTest" tests="1" failures="0" timestamp="2021-01-22T18:50:20 CET" time="1.076" errors="0">
  <testcase name="clickOnLoginBtn" time="1.076" classname="am.itu.zalando.login.button.test.ZalandoLoginButtonClickTest"/>
  <system-out/>
</testsuite> <!-- am.itu.zalando.login.button.test.ZalandoLoginButtonClickTest -->
