<?xml version="1.0" encoding="UTF-8"?>
<!-- Generated by org.testng.reporters.JUnitReportReporter -->
<testsuite skipped="0" hostname="Tashi" name="am.itu.zalando.plus.icon.test.ZalandoPlusIconTest" tests="1" failures="0" timestamp="2021-01-22T19:06:48 CET" time="1.436" errors="0">
  <testcase name="navigateToZalandoPlusPage" time="1.436" classname="am.itu.zalando.plus.icon.test.ZalandoPlusIconTest"/>
  <system-out/>
</testsuite> <!-- am.itu.zalando.plus.icon.test.ZalandoPlusIconTest -->
