<?xml version="1.0" encoding="UTF-8"?>
<!-- Generated by org.testng.reporters.JUnitReportReporter -->
<testsuite skipped="0" hostname="Tashi" name="am.itu.zalando.login.frombag.test.ZalandoLoginFromBagTest" tests="1" failures="0" timestamp="2021-01-22T19:00:02 CET" time="0.852" errors="0">
  <testcase name="clickOnYourBagBtn" time="0.852" classname="am.itu.zalando.login.frombag.test.ZalandoLoginFromBagTest"/>
  <system-out/>
</testsuite> <!-- am.itu.zalando.login.frombag.test.ZalandoLoginFromBagTest -->
