<?xml version="1.0" encoding="UTF-8"?>
<!-- Generated by org.testng.reporters.JUnitReportReporter -->
<testsuite skipped="0" hostname="Tashi" name="am.itu.zalando.google.play.page.test.ZalandoGooglePlayPageTest" tests="1" failures="0" timestamp="2021-01-22T16:54:46 CET" time="2.813" errors="0">
  <testcase name="clickOnGooglePlayBtn" time="2.813" classname="am.itu.zalando.google.play.page.test.ZalandoGooglePlayPageTest"/>
  <system-out/>
</testsuite> <!-- am.itu.zalando.google.play.page.test.ZalandoGooglePlayPageTest -->
