<?xml version="1.0" encoding="UTF-8"?>
<!-- Generated by org.testng.reporters.JUnitReportReporter -->
<testsuite skipped="0" hostname="Tashi" name="am.itu.zalando.sign.up.test.ZalandoSignUpTest" tests="1" failures="0" timestamp="2021-01-22T22:25:43 CET" time="1.323" errors="0">
  <testcase name="typeEmailForZalandoNewsLetters" time="1.323" classname="am.itu.zalando.sign.up.test.ZalandoSignUpTest"/>
  <system-out/>
</testsuite> <!-- am.itu.zalando.sign.up.test.ZalandoSignUpTest -->
