<?xml version="1.0" encoding="UTF-8"?>
<!-- Generated by org.testng.reporters.JUnitReportReporter -->
<testsuite skipped="0" hostname="Tashi" name="am.itu.zalandoplus.icon.test.ZalandoPlusIconTest" tests="1" failures="0" timestamp="2021-01-17T16:53:01 CET" time="2.562" errors="0">
  <testcase name="navigateToZalandoPlusPage" time="2.562" classname="am.itu.zalandoplus.icon.test.ZalandoPlusIconTest"/>
  <system-out/>
</testsuite> <!-- am.itu.zalandoplus.icon.test.ZalandoPlusIconTest -->
