<?xml version="1.0" encoding="UTF-8"?>
<!-- Generated by org.testng.reporters.JUnitReportReporter -->
<testsuite skipped="0" hostname="Tashi" name="am.itu.zalando.dhl.page.test.ZalandoDHLPageTest" tests="1" failures="0" timestamp="2021-01-22T11:51:15 CET" time="2.658" errors="0">
  <testcase name="navigateToDHLPage" time="2.658" classname="am.itu.zalando.dhl.page.test.ZalandoDHLPageTest"/>
  <system-out/>
</testsuite> <!-- am.itu.zalando.dhl.page.test.ZalandoDHLPageTest -->
