<?xml version="1.0" encoding="UTF-8"?>
<!-- Generated by org.testng.reporters.JUnitReportReporter -->
<testsuite skipped="0" hostname="Tashi" name="am.itu.zalando.designer.page.test.ZalandoDesignerPageTest" tests="1" failures="0" timestamp="2021-01-22T11:49:03 CET" time="2.733" errors="0">
  <testcase name="navigateToDesignerPage" time="2.733" classname="am.itu.zalando.designer.page.test.ZalandoDesignerPageTest"/>
  <system-out/>
</testsuite> <!-- am.itu.zalando.designer.page.test.ZalandoDesignerPageTest -->
