<?xml version="1.0" encoding="UTF-8"?>
<!-- Generated by org.testng.reporters.JUnitReportReporter -->
<testsuite skipped="0" hostname="Tashi" name="am.itu.zalando.searches.test.ZalandoSeveralSearchesTest" tests="1" failures="0" timestamp="2021-01-23T19:12:43 CET" time="5.233" errors="0">
  <testcase name="ZalandoSearchForSeveralProducts" time="5.233" classname="am.itu.zalando.searches.test.ZalandoSeveralSearchesTest"/>
  <system-out/>
</testsuite> <!-- am.itu.zalando.searches.test.ZalandoSeveralSearchesTest -->
