<?xml version="1.0" encoding="UTF-8"?>
<!-- Generated by org.testng.reporters.JUnitReportReporter -->
<testsuite skipped="0" hostname="Tashi" name="am.itu.zalando.data.pref.page.test.ZalandoDataPrefPageTest" tests="1" failures="0" timestamp="2021-01-22T11:43:46 CET" time="0.974" errors="0">
  <testcase name="clickOnDataPrefBtn" time="0.974" classname="am.itu.zalando.data.pref.page.test.ZalandoDataPrefPageTest"/>
  <system-out/>
</testsuite> <!-- am.itu.zalando.data.pref.page.test.ZalandoDataPrefPageTest -->
