<?xml version="1.0" encoding="UTF-8"?>
<!-- Generated by org.testng.reporters.JUnitReportReporter -->
<testsuite skipped="0" hostname="Tashi" name="am.itu.zalando.plus.logo.test.ZalandoPlusLogoTest" tests="1" failures="0" timestamp="2021-01-22T19:08:23 CET" time="1.158" errors="0">
  <testcase name="clickOnZalandoPlusLogo" time="1.158" classname="am.itu.zalando.plus.logo.test.ZalandoPlusLogoTest"/>
  <system-out/>
</testsuite> <!-- am.itu.zalando.plus.logo.test.ZalandoPlusLogoTest -->
